{
  "stats": {
    "suites": 1,
    "tests": 1,
    "passes": 1,
    "pending": 0,
    "failures": 0,
    "start": "2025-11-05T21:38:05.871Z",
    "end": "2025-11-05T21:38:06.348Z",
    "duration": 477,
    "testsRegistered": 1,
    "passPercent": 100,
    "pendingPercent": 0,
    "other": 0,
    "hasOther": false,
    "skipped": 0,
    "hasSkipped": false
  },
  "results": [
    {
      "uuid": "7e00ecf9-749b-4b6a-bd41-68ca15167a5f",
      "title": "",
      "fullFile": "cypress\\e2e\\CAC-TAT.cy.js",
      "file": "cypress\\e2e\\CAC-TAT.cy.js",
      "beforeHooks": [],
      "afterHooks": [],
      "tests": [],
      "suites": [
        {
          "uuid": "e5441250-76dd-40e4-8050-e5427a94a27c",
          "title": "Central de Atendimento ao Cliente TAT",
          "fullFile": "",
          "file": "",
          "beforeHooks": [],
          "afterHooks": [],
          "tests": [
            {
              "title": "marca ambos checkboxes, depois desmarca o último",
              "fullTitle": "Central de Atendimento ao Cliente TAT marca ambos checkboxes, depois desmarca o último",
              "timedOut": null,
              "duration": 439,
              "state": "passed",
              "speed": "fast",
              "pass": true,
              "fail": false,
              "pending": false,
              "context": null,
              "code": "cy.get('input[type=\"checkbox\"]').check().should(\"be.checked\").last().uncheck().should(\"not.be.checked\");",
              "err": {},
              "uuid": "a5f68a3b-40f7-430b-bf30-b11a5d2dabb0",
              "parentUUID": "e5441250-76dd-40e4-8050-e5427a94a27c",
              "isHook": false,
              "skipped": false
            }
          ],
          "suites": [],
          "passes": [
            "a5f68a3b-40f7-430b-bf30-b11a5d2dabb0"
          ],
          "failures": [],
          "pending": [],
          "skipped": [],
          "duration": 439,
          "root": false,
          "rootEmpty": false,
          "_timeout": 2000
        }
      ],
      "passes": [],
      "failures": [],
      "pending": [],
      "skipped": [],
      "duration": 0,
      "root": true,
      "rootEmpty": true,
      "_timeout": 2000
    }
  ],
  "meta": {
    "mocha": {
      "version": "7.2.0"
    },
    "mochawesome": {
      "options": {
        "quiet": false,
        "reportFilename": "mochawesome",
        "saveHtml": false,
        "saveJson": true,
        "consoleReporter": "spec",
        "useInlineDiffs": false,
        "code": true
      },
      "version": "7.1.4"
    },
    "marge": {
      "options": {
        "reportDir": "cypress\\reports\\.jsons",
        "overwrite": false,
        "html": false,
        "json": true
      },
      "version": "6.3.2"
    }
  }
}